c:\users\isaiah walton\documents\projects\voxelgame\voxelgame\debug\vc141.pdb
c:\users\isaiah walton\documents\projects\voxelgame\voxelgame\debug\vc141.idb
c:\users\isaiah walton\documents\projects\voxelgame\voxelgame\debug\block.obj
c:\users\isaiah walton\documents\projects\voxelgame\voxelgame\debug\button.obj
c:\users\isaiah walton\documents\projects\voxelgame\voxelgame\debug\camera.obj
c:\users\isaiah walton\documents\projects\voxelgame\voxelgame\debug\chunkloader.obj
c:\users\isaiah walton\documents\projects\voxelgame\voxelgame\debug\chunkmanager.obj
c:\users\isaiah walton\documents\projects\voxelgame\voxelgame\debug\client.obj
c:\users\isaiah walton\documents\projects\voxelgame\voxelgame\debug\genchunk.obj
c:\users\isaiah walton\documents\projects\voxelgame\voxelgame\debug\glshader.obj
c:\users\isaiah walton\documents\projects\voxelgame\voxelgame\debug\hud.obj
c:\users\isaiah walton\documents\projects\voxelgame\voxelgame\debug\light.obj
c:\users\isaiah walton\documents\projects\voxelgame\voxelgame\debug\main.obj
c:\users\isaiah walton\documents\projects\voxelgame\voxelgame\debug\noiseutils.obj
c:\users\isaiah walton\documents\projects\voxelgame\voxelgame\debug\physics.obj
c:\users\isaiah walton\documents\projects\voxelgame\voxelgame\debug\player.obj
c:\users\isaiah walton\documents\projects\voxelgame\voxelgame\debug\settings.obj
c:\users\isaiah walton\documents\projects\voxelgame\voxelgame\debug\texture.obj
c:\users\isaiah walton\documents\projects\voxelgame\voxelgame\debug\world.obj
c:\users\isaiah walton\documents\projects\voxelgame\debug\voxelgame.ilk
c:\users\isaiah walton\documents\projects\voxelgame\debug\voxelgame.exe
c:\users\isaiah walton\documents\projects\voxelgame\debug\voxelgame.pdb
c:\users\isaiah walton\documents\projects\voxelgame\voxelgame\debug\voxelgame.tlog\cl.command.1.tlog
c:\users\isaiah walton\documents\projects\voxelgame\voxelgame\debug\voxelgame.tlog\cl.read.1.tlog
c:\users\isaiah walton\documents\projects\voxelgame\voxelgame\debug\voxelgame.tlog\cl.write.1.tlog
c:\users\isaiah walton\documents\projects\voxelgame\voxelgame\debug\voxelgame.tlog\link.command.1.tlog
c:\users\isaiah walton\documents\projects\voxelgame\voxelgame\debug\voxelgame.tlog\link.read.1.tlog
c:\users\isaiah walton\documents\projects\voxelgame\voxelgame\debug\voxelgame.tlog\link.write.1.tlog
